<?xml version="1.0" encoding="UTF-8"?>
<testsuite xmlns:xsi="http://www.w3.org/2001/XMLSchema-instance" xsi:noNamespaceSchemaLocation="https://maven.apache.org/surefire/maven-surefire-plugin/xsd/surefire-test-report.xsd" name="CalculatorTest" time="0.013" tests="2" errors="0" skipped="2" failures="0">
  <properties>
[...]
</properties>
  <testcase name="test_When_Minus_60_And_50" classname="CalculatorTest" time="0">
    <skipped message="void CalculatorTest.test_When_Minus_60_And_50() is @Disabled"/>
  </testcase>
  <testcase name="test_When_Add_10_And_50" classname="CalculatorTest" time="0">
    <skipped message="Feature still under development"/>
  </testcase>
</testsuite>